-------------------------------------------------------------------------------
Test set: Utils.ItemDAOTest
-------------------------------------------------------------------------------
<<<<<<< HEAD
Tests run: 3, Failures: 0, Errors: 0, Skipped: 0, Time elapsed: 0.229 s - in Utils.ItemDAOTest
=======
<<<<<<< HEAD
Tests run: 5, Failures: 4, Errors: 0, Skipped: 0, Time elapsed: 1.065 s <<< FAILURE! - in Utils.ItemDAOTest
Utils.ItemDAOTest.testAddItem  Time elapsed: 0.821 s  <<< FAILURE!
org.opentest4j.AssertionFailedError: Item insertion failed, invalid generated ID ==> expected: <false> but was: <true>
	at org.junit.jupiter.api.AssertionFailureBuilder.build(AssertionFailureBuilder.java:151)
	at org.junit.jupiter.api.AssertionFailureBuilder.buildAndThrow(AssertionFailureBuilder.java:132)
	at org.junit.jupiter.api.AssertFalse.failNotFalse(AssertFalse.java:63)
	at org.junit.jupiter.api.AssertFalse.assertFalse(AssertFalse.java:36)
	at org.junit.jupiter.api.Assertions.assertFalse(Assertions.java:239)
	at Utils.ItemDAOTest.testAddItem(ItemDAOTest.java:30)
	at java.base/java.lang.reflect.Method.invoke(Method.java:580)
	at java.base/java.util.ArrayList.forEach(ArrayList.java:1596)
	at java.base/java.util.ArrayList.forEach(ArrayList.java:1596)

Utils.ItemDAOTest.testGetItemById  Time elapsed: 0.025 s  <<< FAILURE!
org.opentest4j.AssertionFailedError: Failed to retrieve item by ID ==> expected: not <null>
	at org.junit.jupiter.api.AssertionFailureBuilder.build(AssertionFailureBuilder.java:152)
	at org.junit.jupiter.api.AssertionFailureBuilder.buildAndThrow(AssertionFailureBuilder.java:132)
	at org.junit.jupiter.api.AssertNotNull.failNull(AssertNotNull.java:49)
	at org.junit.jupiter.api.AssertNotNull.assertNotNull(AssertNotNull.java:35)
	at org.junit.jupiter.api.Assertions.assertNotNull(Assertions.java:312)
	at Utils.ItemDAOTest.testGetItemById(ItemDAOTest.java:38)
	at java.base/java.lang.reflect.Method.invoke(Method.java:580)
	at java.base/java.util.ArrayList.forEach(ArrayList.java:1596)
	at java.base/java.util.ArrayList.forEach(ArrayList.java:1596)

Utils.ItemDAOTest.testGetAllItems  Time elapsed: 0.024 s  <<< FAILURE!
org.opentest4j.AssertionFailedError: Item list should not be empty ==> expected: <false> but was: <true>
	at org.junit.jupiter.api.AssertionFailureBuilder.build(AssertionFailureBuilder.java:151)
	at org.junit.jupiter.api.AssertionFailureBuilder.buildAndThrow(AssertionFailureBuilder.java:132)
	at org.junit.jupiter.api.AssertFalse.failNotFalse(AssertFalse.java:63)
	at org.junit.jupiter.api.AssertFalse.assertFalse(AssertFalse.java:36)
	at org.junit.jupiter.api.Assertions.assertFalse(Assertions.java:239)
	at Utils.ItemDAOTest.testGetAllItems(ItemDAOTest.java:50)
	at java.base/java.lang.reflect.Method.invoke(Method.java:580)
	at java.base/java.util.ArrayList.forEach(ArrayList.java:1596)
	at java.base/java.util.ArrayList.forEach(ArrayList.java:1596)

Utils.ItemDAOTest.testUpdateItem  Time elapsed: 0.029 s  <<< FAILURE!
org.opentest4j.AssertionFailedError: expected: not <null>
	at org.junit.jupiter.api.AssertionFailureBuilder.build(AssertionFailureBuilder.java:152)
	at org.junit.jupiter.api.AssertionFailureBuilder.buildAndThrow(AssertionFailureBuilder.java:132)
	at org.junit.jupiter.api.AssertNotNull.failNull(AssertNotNull.java:49)
	at org.junit.jupiter.api.AssertNotNull.assertNotNull(AssertNotNull.java:35)
	at org.junit.jupiter.api.AssertNotNull.assertNotNull(AssertNotNull.java:30)
	at org.junit.jupiter.api.Assertions.assertNotNull(Assertions.java:304)
	at Utils.ItemDAOTest.testUpdateItem(ItemDAOTest.java:60)
	at java.base/java.lang.reflect.Method.invoke(Method.java:580)
	at java.base/java.util.ArrayList.forEach(ArrayList.java:1596)
	at java.base/java.util.ArrayList.forEach(ArrayList.java:1596)

=======
Tests run: 5, Failures: 0, Errors: 0, Skipped: 0, Time elapsed: 0.288 s - in Utils.ItemDAOTest
>>>>>>> 0eaa22010d9381ee987b5fed4d5623375a1c03a7
>>>>>>> a9faf870ba723fa441e582c5a98c095f91a1489a
